[   0.000000] Linux version 4.15.0-66-generic (buildd@lgw01-amd64-044) (gcc version 7.4.0 (Ubuntu 7.4.0-1ubuntu1~18.04.1)) #75-Ubuntu SMP Tue Oct 1 05:24:09 UTC 2019 (Ubuntu 4.15.0-66.75-generic 4.15.18)
[    0.000000] Command line: BOOT_IMAGE=/boot/vmlinuz-4.15.0-66-generic root=UUID=fcc49ed4-d171-4f96-97d4-eaccf2a1ab20 ro console=tty1 console=ttyS0
[    0.0000] KEEL supoted cpus:[    00000] ItelenineIntel
[   .000000]   MD AuthenticA
[    0.0000] Centaur CtaurHauls
[    0.000000] x86/fpu: Supporting XSAVE feature 0x001: 'x87 floating point registers'
[    0.000000] x86/fpu: Supporting XSAVE feature 0x002: 'SSE registers'
[    0.000000] x86/fpu: Supporting XSAVE feature 0x004: 'AVX registers'
[    0.000000] x86/fpu: xstate_offset[2]:  576, xtate_sizes[2]:  256
[    0.000000] x86/fpu: Enabled xstate features 0x7, context size is 832 bytes, using 'standard' format.
[    0.000000]e820: BIOS-provided physical RAM map:
[    0.000000] BIOS-e820: [mem 0x0000000000000000-0x000000000009fbff] usable
[    0.000000] BIOS-e820: [mem 0x000000000009fc00-0x000000000009ffff] reserved
[    0.000000] BIOS-e820: [mem 0x00000000000f0000-0x00000000000fffff] reserved
[    0.000000] BIOS-e820: [meem 0x000000000100000-0x000000003ffeffff] usable
[    0.000000] BIOS-e820: [mem 0x000000003fff0000-0x000000003fffffff] ACPIata
[    0.000000] BIOS-e820: [mem 0x00000000fec00000-0x00000000fec00f] reserved    .00000] BS-820: [mem 00x00000000fee00000x00000000fee00fff] reserved
[    0.000000] BIOS-e820: [mem 0x00000000fffc00-0x00000000ffffffff] reserved
[    0.000000] NX (Execu Disable) protectio: ctive
    0.0000]SMBIO2.5 present.
[    0.000000] DMI: innotek GmbH VirtualBox/VirtualBox, BIOS Virtualx 12/01/2006
[  0.0000] Hypervisor detected: KVM
[    0.000000] e820: last_pfn = 0x3fff0 max_arch_pfn = 0x400000000
[    0.000000] MTRR: Disabled
[    0.000000] x86/PAT: MTRRs disabled, skippi PAT itialization too.
[    0.000000] CPU MTRRs all blank - rtualizedd system.
[    0.000000] x86/PAT: Configuration [0-7]: WB  WT  UC- UC  WB  WT  UC- UC  
[    0.000000] found SMP MP-table at [mem 0x0009fff0-0x009ffff]
[    0.000000] Scanning 1 areas for low memory corruption
[    0.000000] RAMDISK: [mem 0x35983000-0x36cb8fff]
[    0.000000] ACPI: Early table checksum verification disabled
[    000000] ACPI: RSDP 0x00000000000E0000 000024 (02 VBOX )
[    0000000] ACPI: XSDT 0x000000003FFF0030 00003C (v01 VBOX   VBOXXSDT 0000000ASL  00000061)
   0.000000] ACPI: FACP 0x000000003FFF00F0 0000F4 (v04 VBOX   VBOXFACP 00000001 ASL  00000061)
[    0.0000] ACPI: DSDT 0x000000003FFF0470 0021FF (v02 VBO   VBOXBIOS 00000002 INTL 2000528)
  0.000000] ACPI:ACS 0x0000003FFF0200 000040
[    0.000000]CPI: FACS 0x00000003FFF020000040
[    0..000000] ACPI: APIC 0x000000003FFF0240 00005C (v02 VBOX   VBOXAPIC 00000001 ASL  00000061)
[    0.000000]ACI: SSDT 0x000000003FFF02A0 0001CC (v01 VBOX   VBOXCPUT 000002 INT20100528)
[    0.000000] No NUMA configuration found
[    0.000000] Fakg a node at [mem 0x0000000000000000-0x000000003ffeff]
[    0.000000] NODE_DATA(0) allocated [mem 0x3ffc5000-0x3ffeffff]
[    0.0000] kvm-clock: cpu 0, msr 0:3ff4401, primary cpu clock
[    0.000000] kvm-clock: Using msrs 4b564d01 and 4b564d00
[    0.000000] kvm-clock: using sched offset of 7742652057 cycles
[    0.000000] clocksource: kvm-clock: mask: 0xffffffffffffffff max_cycles: 0x1cd42e4dffb, max_idle_ns: 881590591483 ns
[    0.000000] Zone ranges:
[    0.000000]   DMA      [mem x0000000000001000-0x0000000000ffffff]
[    0.000000]   DMA32    [mem 0x0000000001000000-0x000000003ffeffff]
[    0.000000]   Normal   empty
[    0.000000]   Device   empty
[    0.000000] Movable zone start for each node
[    0.000000] Early memory node ranges
[    0.000000]   node   0: [mem 0x0000000000001000-0x000000000009efff]
[    0.000000]   node   0: [mem 0x0000000000100000-0x000000003ffefff]
[    0.000000] Reserved but unavailable: 98 pages
[    0.000000] Initmem setup node 0 [mem 0x0000000000001000-0x000000003ffeffff]
[    0.000000] ACPI: PM-Timer IO Port: 0x4008
[    0.000000] IOAPIC[0]: apic_id 2, version 32, address 0xfec00000, GSI 0-23
[    0.000000] ACPI: INT_SRC_OVR (bus 0 bus_irq 0 global_irq 2 dfl dfl)
[    0.000000] ACPI: INT_SRC_OVR (bus 0 bus_irq 9 global_irq 9 low level)
[    0.000000] Using ACPI (MADT) for SMP configuration information
[    0.000000] smpboot: Allowing 2 CPUs, 0 hotplug CPUs
[    0.000000] PM: Registered nosave memory: [mem 0x00000000-0x00000fff]
[    0.000000] PM: Registered nosave memory: [mem 0x0009f000-0x0009ffff]
[    0.000000] PM: Registered nosave memory: [mem 0x000a0000-0x000effff]
[    0.000000] PM: Registered nosave memory: [mem 0x000f0000-0x000ffff]
[    0.000000] e820: [mem 0x40000000-0xebfffff] available for PCI devices
[    0.000000] Booting paravirtualized kernel on KVM
[    0.000000] clocksource: refined-jiffies: mask: 0xffffffff max_cycles: 0xffffffff, max_idle_ns: 7645519600211568 ns
[    0.000000] random: get_random_bytes called from start_kernel+0x99/0x4fd with crng_init=0
[    0.000000] setup_percpu: NR_CPUS:8192 nr_cpumask_bits:2 nr_cpu_ids:2 nr_node_ids:1
[    0.000000] percpu: Embedded 46 pages/cpu s151552 r8192 d28672 u1048576
[    0.000000] PV qspinlock hash table entries: 256 (order: 0, 4096 bytes)
[    0.000000] Built 1 zonelists, mobility grouping on. Total pages: 257913
[    0.000000] Policy zone: DMA32
[    0.000000] Kernel command line: BOOT_IMAGE=/boot/vmlinuz-4.15.0-66-generic root=UUID=fcc49ed4-d171-4f9-97d4-eaccf2a1ab20 ro console=tty1 console=ttyS0
[    0.000000] Memory: 982908K/1048120K available (12300K kernel code, 2481K rwdata, 4260K rodata, 2436K init, 2388K bss, 65212K reserved, 0K cma-reserved)
[    0.000000] SLU: HWalign=64, Order=0-3, MinObjects=0, CPUs=2, Nodes=1
[    0.000000] Kernel/User page tables isolation: enabled
[    0.000000] ftrace: allocating 39306 entries in 154 pages
[    0.004000] Hrarchical RCU implementation.
[    0.004000] 	RCU restricting CPUs from NR_CPUS=8192 to nr_cpu_ids=2.
[    0.004000] 	Tasks RCU enabled.
[    0.004000] RCU: Adjusting geometry for rcu_fanout_leaf=16, nr_cpu_ids=2
[    0.004000] NR_IRQS: 524544, nr_irqs: 440, preallocated irqs: 16
[    0.004000] Console: colour VGA+ 80x25
[    0.004000] console [tty1] enabled
[    0.004000] console [ttyS0] enabled
[    0.004000] ACPI: Core revision 20170831
[    0.004000] ACPI: 2 ACPI AML tables successfully acquired and loaded
[    0.004000] APIC: Switch to symmetric I/O mode setup
[    0.004000] x2apic enabled
[    0.004000] Switched APIC routing to physical x2apic.
[    0.004000] ..TIMER: vector=0x30 apic1=0 pin1=2 apic2=-1 pin2=-1
[    0.004007] tsc: Detecte 2304.000 MHz processor
[    0.008012] Calibrating delay loop (skipped) preset value.. 4608.00 BogoMIPS (lpj=9216000)
[    0.012008] pid_max: default: 32768 minimum: 301
[    0.016038] Security Framework initialized
[    0.016941] Yama: becoming mindful.
[    0.017783] AppArmor: AppArmor initialized
[    0.020050] Dentry cache hash table entries: 131072 (order: 8, 1048576 bytes)
[    0.024064] Inode-cache hash table entries: 65536 (order: 7, 524288 bytes)
[    0.028018] Mount-cache hash table entries: 2048 (order: 2, 16384 bytes)
[    0.029395] Mountpoint-cache hash table entries: 2048 (order: 2, 16384 bytes)
[    0.032401] Last level iTLB entries: 4KB 64, 2MB 8, 4MB 8
[    0.033924] Last level dTLB entries: 4KB 64, 2MB 0, 4MB 0, 1GB 4
[    0.035341] Spectre V1 : Mitigation: usercopy/swapgs barriers and __user pointer sanitization
[    0.036003] Spectre V2 : Mitigation: Full generic retpoline
[    0.040004] Spectre V2 : Spectre v2 / SpectreRSB mitigation: Filling RSB on context switch
[    0.044004] Speculative Store Bypass: Vulnerable
[    0.045153] MDS: Vulnerable: Clear CPU buffers attempted, no microcode
[    0.048145] Freeing SMP alternatives memory: 36K
[   0.158965] smpboot: CPU0: Intel(R) Core(TM) i5-7360U CPU @ 2.30GHz (family: 0x6, model: 0x8e, stepping: 0x9)
[    0.160083] Performance Events: unsupported p6 CPU model 142 no PMU driver, software events only.
[    0.162097] Hierarchical SRCU implementation.
[    0.164611] NMI watchdog: Perf event create on CPU 0 failed with -2
[    0.168007] NMI watchdog: Perf NMI watchdog permanently disabled
[    0.172065] smp: Bringing up secondary CPUs ...
[    0.176108] x86: Booting SMP configuration:
[    0.180003] .... node  #0, CPUs:      #1
[    0.004000] kvm-clock: cpu 1, msr 0:3ff44041, secondary cpu clock
[    0.192063] smp: Brought up 1 node, 2 CPUs
[    0.193188] smpboot: Max logical packages: 1
[    0.195264] smpboot: Total of 2 processors activated (9216.00 BogoMIPS)
[    0.200079] devtmpfs: initialized
[    0.204063] x86/mm: Memory block size: 128MB
[    0.208283] evm: security.selinux
[    0.209340] evm: security.SMACK64
[    0.212003] evm: security.SMACK64EXEC
[    0.212884] evm: security.SMACK64TRANSMUTE
[    0.213833] evm: security.SMACK64MMAP
[    0.214695] evm: security.apparmor
[    0.215497] evm: security.ima
[    0.216003] evm: security.capability
[    0.217020] clocksource: jiffies: mask: 0xffffffff max_cycles: 0xffffffff, max_idle_ns: 7645041785100000 ns
[    0.220013] futex hash table entries: 512 (order: 3, 32768 bytes)
[    0.224068] pinctrl core: initialized pinctrl subsystem
[    0.225450] RTC time:  2:23:33, date: 11/07/19
[    0.228168] NET: Registered protocol family 16
[    0.229526] audit: initializing netlink subsys (disabled)
[    0.232061] audit: type=2000 audit(1573093418.703:1): state=initialized audit_enabled=0 res=1
[    0.248011] cpuidle: using governor ladder
[    0.249455] cpuidle: using governor menu
[    0.252067] ACPI: bus type PCI registered
[    0.254917] acpiphp: ACPI Hot Plug PCI Controller Driver version: 0.5
[    0.256157] PCI: Using configuration type 1 for base access
[    0.261087] HugeTLB registered 2.00 MiB page size, pre-allocated 0 pages
[    0.268354] ACPI: Added _OSI(Module Device)
[    0.272011] ACPI: Added _OSI(Processor Device)
[    0.276032] ACPI: Added _OSI(3.0 _SCP Extensions)
[    0.280003] ACPI: Added _OSI(Processor Aggregator Device)
[    0.284008] ACPI: Added _OSI(Linux-Dell-Video)
[    0.285470] ACPI: Added _OSI(Linux-Lenovo-NV-HDMI-Audio)
[    0.288005] ACPI: Added _OSI(Linux-HPI-Hybrid-Graphics)
[    0.296312] ACPI: Executed 1 blocks of module-level executable AML code
[    0.301506] ACPI: Interpreter enabled
[    0.304022] ACPI: (supports S0 S5)
[    0.304858] ACPI: Using IOAPIC for interrupt routing
[    0.308377] PCI: Using host bridge windows from ACPI; if necessary, use "pci=nocrs" and report a bug
[    0.312385] ACPI: Enabled 2 GPEs in block 00 to 07
[    0.329283] ACPI: PCI Root Bridge [PCI0] (domain 0000 [bus 00-ff])
[    0.332000] acpi PNP0A03:00: _OSC: OS supports [ASPM ClockPM Segments MSI]
[    0.332046] acpi PNP0A03:00: _OSC: not requesting OS control; OS requires [ExtendedConfig ASPM ClockPM MSI]
[    0.336026] acpi PNP0A03:00: fail to add MMCONFIG information, can't access extended PCI configuration space under this bridge.
[    0.340928] PCI host bridge to bus 0000:00
[    0.344009] pci_bus 0000:00: root bus resource [io  0x0000-0x0cf7 window]
[    0.348010] pci_bus 0000:00: root bus resource [io  0x0d00-0xffff window]
[    0.352009] pci_bus 0000:00: root bus resource [mem 0x000a0000-0x000bffff window]
[    0.356011] pci_bus 0000:00: root bus resource [mem 0x40000000-0xfdffffff window]
[    0.360011] pci_bus 0000:00: root bus resource [bus 00-ff]
[    0.372056] pci 0000:00:01.1: legacy IDE quirk: reg 0x10: [io  0x01f0-0x01f7]
[    0.376009] pci 0000:00:01.1: legacy IDE quirk: reg 0x14: [io  0x03f6]
[    0.380008] pci 0000:00:01.1: legacy IDE quirk: reg 0x18: [io  0x0170-0x0177]
[    0.384024] pci 0000:00:01.1: legacy IDE quirk: reg 0x1c: [io  0x0376]
[    0.406852] pci 0000:00:07.0: quirk: [io  0x4000-0x403f] claimed by PIIX4 ACPI
[    0.408077] pci 0000:00:07.0: quirk: [io  0x4100-0x410f] claimed by PIIX4 SMB
[    0.424013] ACPI: PCI Interrupt Link [LNKA] (IRQs 5 9 10 *11)
[    0.428318] ACPI: PCI Interrupt Link [LNKB] (IRQs 5 9 *10 11)
[    0.430013] ACPI: PCI Interrupt Link [LNKC] (IRQs 5 *9 10 11)
[    0.432144] ACPI: PCI Interrupt Link [LNKD] (IRQs 5 9 10 *11)
[    0.436389] SCSI subsystem initialized
[    0.437342] pci 0000:00:02.0: vgaarb: setting as boot VGA device
[    0.440000] pci 0000:00:02.0: vgaarb: VGA device added: decodes=io+mem,owns=io+mem,locks=none
[    0.440010] pci 0000:00:02.0: vgaarb: bridge control possible
[    0.444061] vgaarb: loaded
[    0.448044] ACPI: bus type USB registered
[    0.452027] usbcore: registered new interface driver usbfs
[    0.456034] usbcore: registered new interface driver hub
[    0.460036] usbcore: registered new device driver usb
[    0.464087] EDAC MC: Ver: 3.0.0
[    0.472394] PCI: Using ACPI for IRQ routing
[    0.476352] NetLabel: Initializing
[    0.480005] NetLabel:  domain hash size = 128
[    0.481178] NetLabel:  protocols = UNLABELED CIPSOv4 CALIPSO
[    0.484028] NetLabel:  unlabeled traffic allowed by default
[    0.485374] clocksource: Switched to clocksource kvm-clock
[    0.515379] VFS: Disk quotas dquot_6.6.0
[  020007] VFS: Dquot-cache hash table entries: 512 (order 0, 4096 bytes)
[    0.615002] AppArmor: AppArmor Filesystem Enabled
[    0.6108pn P AI it[  0416]np: PnP ACPI: found 3 devices

[    1.150800] clocksource: acpi_pm: mask: 0xffffff max_cycles: 0xffffff, max_idle_ns: 2085701024 ns
[    1.153417] NET: Registered protocol family 2
[    1.178021] TCP established hash table entries: 8192 (order: 4, 65536 bytes)
[    1.180639] TCP bind hash table entries: 8192 (order: 5, 11072 bes
[  1103]CPHa tles configured (established 8192 bi 8192)
[    1.671552] UDP hash table entries: 512 (order: 2, 16384 bytes)
[    1.673058] UDP-Lite hh blenie 5 (de 2164 te

[    2.203657] NET: Regisreprocofaly
  2.2505 pci 0000:00:00.0: Limitingirt PCI/PCI transfers
[    2.741914] pci 0000:00:01.0: Activating SAMAangorrouns    2.993650] pci 0000:00:02.0: Video device with shadowed ROM at [mem 0x000c0000-0x000dffff]
[    3.046279] Unpacking iniramfs...

[    3.361468] Freeing initrd memory: 19672K
[    3.368323] clocksource: tsc: mask: 0xffffffffffffffff max_cycles: 0x2135f7c97c8, max_idle_ns: 440795273205 ns
[    3.382119] platform rtc_cmos: registered platform RTC device (no PNP device found)
[    3.400081] Scanning for low memory corruption every 60 seconds
[    3.402309] Initialise system trusted keyrings
[    3.403445] Key type blacklist registered
[    3.404795] workingset: timestamp_bits=36 max_order=18 bucket_order=0
[    3.412922] zbud: loaded
[    3.417518] squashfs: version 4.0 (2009/01/31) Phillip Lougher
[    3.419457] fuse init (API version 7.26)
[    3.425991] Key type asymmetric registered
[    3.427114] Asymmetric key parser 'x509' registered
[    3.428564] Block layer SCSI generic (bsg) driver version 0.4 loaded (major 246)
[    3.436997] io scheduler noop registered
[    3.441050] io scheduler deadline registered
[    3.445708] io scheduler cfq registered (default)
[    3.454022] ACPI: AC Adapter [AC] (on-line)
[    3.457109] input: Power Button as /devices/LNXSYSTM:00/LNXPWRBN:00/input/input0
[    3.461337] ACPI: Power Button [PWRF]
[    3.466053] input: Sleep Button as /devices/LNXSYSTM:00/LNXSLPBN:00/input/input1
[    3.474590] ACPI: Sleep Button [SLPF]
[    3.487211] ACPI: Battery Slot [BAT0] (battery present)
[    3.489444] Serial: 8250/16550 driver, 32 ports, IRQ sharing enabled
[    3.517681] 00:02: ttyS0 at I/O 0x3f8 (irq = 4, base_baud = 115200) is a 16550A
[    3.523080] Linux agpgart interface v0.103
[    3.526615] loop: module loaded
[    3.542351] scsi host0: ata_piix
[    3.543404] scsi host1: ata_piix
[    3.544340] ata1: PATA max UDMA/33 cmd 0x1f0 ctl 0x3f6 bmdma 0xd000 irq 14
[    3.550042] ata2: PATA max UDMA/33 cmd 0x170 ctl 0x376 bmdma 0xd008 irq 15
[    3.551787] libphy: Fixed MDIO Bus: probed
[    3.559577] tun: Universal TUN/TAP device driver, 1.6
[    3.561134] PPP generic driver version 2.4.2
[    3.562460] ehci_hcd: USB 2.0 'Enhanced' Host Controller (EHCI) Driver
[    3.569974] ehci-pci: EHCI PCI platform driver
[    3.571155] ehci-platform: EHCI generic platform driver
[    3.572742] ohci_hcd: USB 1.1 'Open' Host Controller (OHCI) Driver
[    3.580148] ohci-pci: OHCI PCI platform driver
[    3.581535] ohci-platform: OHCI generic platform driver
[    3.583338] uhci_hcd: USB Universal Host Controller Interface driver
[    3.592725] i8042: PNP: PS/2 Controller [PNP0303:PS2K,PNP0f03:PS2M] at 0x60,0x64 irq 1,12
[    3.634159] serio: i8042 KBD port at 0x60,0x64 irq 1
[    3.635779] serio: i8042 AUX port at 0x60,0x64 irq 12
[    3.645119] mousedev: PS/2 mouse device common for all mice
[    3.647896] rtc_cmos rtc_cmos: rtc core: registered rtc_cmos as rtc0
[    3.649641] input: AT Translated Set 2 keyboard as /devices/platform/i8042/serio0/input/input2
[    3.651838] rtc_cmos rtc_cmos: alarms up to one day, 114 bytes nvram
[    3.653823] i2c /dev entries driver
[    3.660526] device-mapper: uevent: version 1.0.3
[    3.665219] device-mapper: ioctl: 4.37.0-ioctl (2017-09-20) initialised: dm-devel@redhat.com
[    3.675814] ledtrig-cpu: registered to indicate activity on CPUs
[    3.678117] NET: Registered protocol family 10
[    3.691187] Segment Routing with IPv6
[    3.706190] NET: Registered protocol family 17
[    3.707536] Key type dns_resolver registered
[    3.709029] mce: Using 0 MCE banks
[    3.710041] RAS: Correctable Errors collector initialized.
[    3.713725] sched_clock: Marking stable (3713669160, 0)->(8335856566, -4622187406)
[    3.728876] registered taskstats version 1
[    3.735728] Loading compiled-in X.509 certificates
[    3.743659] Loaded X.509 cert 'Build time autogenerated kernel key: 01a66adcc10ca4ce7676a3458c33483b0e2b806e'
[    3.783905] zswap: loaded using pool lzo/zbud
[    3.796180] Key type big_key registered
[    3.796930] Key type trusted registered
[    3.798980] Key type encrypted registered
[    3.799761] AppArmor: AppArmor sha1 policy hashing enabled
[    3.801123] ima: No TPM chip found, activating TPM-bypass! (rc=-19)
[    3.811737] ima: Allocated hash algorithm: sha1
[    3.843553] evm: HMAC attrs: 0x1
[    3.844670]   Magic number: 11:587:358
[    3.847438] rtc_cmos rtc_cmos: setting system clock to 2019-11-07 02:23:37 UTC (1573093417)
[    3.849466] BIOS EDD facility v0.16 2004-Jun-25, 0 devices found
[    3.850798] EDD information not available.
[    3.854330] Freeing unused kernel image memory: 2436K
[    3.868387] Write protecting the kernel read-only data: 20480k
[    3.901309] Freeing unused kernel image memory: 2008K
[    3.902554] Freeing unused kernel image memory: 1884K
[    3.908465] x86/mm: Checked W+X mappings: passed, no W+X pages found.
[    3.909805] x86/mm: Checking user space page tables
[    3.915267] x86/mm: Checked W+X mappings: passed, no W+X pages found.
Loading, please wait...
starting version 237
[    4.031588] Fusion MPT base driver 3.04.20
[    4.045116] Copyright (c) 1999-2008 LSI Corporation
[    4.055861] e1000: Intel(R) PRO/1000 Network Driver - version 7.3.21-k8-NAPI
[    4.093601] e1000: Copyright (c) 1999-2006 Intel Corporation.
[    4.126909] AVX2 version of gcm_enc/dec engaged.
[    4.135301] AES CTR mode by8 optimization enabled
[    4.136505] Fusion MPT SPI Host driver 3.04.20
[    4.320767] input: ImExPS/2 Generic Explorer Mouse as /devices/platform/i8042/serio1/input/input4
[    4.618209] e1000 0000:00:03.0 eth0: (PCI:33MHz:32-bit) 02:5c:19:d6:ac:b9
[    5.152215] e1000 0000:00:03.0 eth0: Intel(R) PRO/1000 Network Connection
[    6.182105] e1000 0000:00:08.0 eth1: (PCI:33MHz:32-bit) 08:00:27:09:37:a9
[    6.667918] e1000 0000:00:08.0 eth1: Intel(R) PRO/1000 Network Connection
[    7.083331] e1000 0000:00:03.0 enp0s3: renamed from eth0
[    7.117357] mptbase: ioc0: Initiating bringup
[    7.196793] e1000 0000:00:08.0 enp0s8: renamed from eth1
[    7.391552] ioc0: LSI53C1030 A0: Capabilities={Initiator}
[    8.282240] scsi host2: ioc0: LSI53C1030 A0, FwRev=00000000h, Ports=1, MaxQ=256, IRQ=20
[    9.626883] scsi 2:0:0:0: Direct-Access     VBOX     HARDDISK         1.0  PQ: 0 ANSI: 5
[    9.712427] scsi target2:0:0: Beginning Domain Validation
[    9.759803] scsi target2:0:0: Domain Validation skipping write tests
[    9.783941] scsi target2:0:0: Ending Domain Validation
[    9.785276] scsi target2:0:0: asynchronous
[    9.789287] scsi 2:0:1:0: Direct-Access     VBOX     HARDDISK         1.0  PQ: 0 ANSI: 5
[    9.832049] scsi target2:0:1: Beginning Domain Validation
[    9.847452] random: fast init done
[    9.887650] scsi target2:0:1: Domain Validation skipping write tests
[    9.910755] scsi target2:0:1: Ending Domain Validation
[    9.926005] scsi target2:0:1: asynchronous
[    9.940636] random: systemd-udevd: uninitialized urandom read (16 bytes read)
[    9.948904] sd 2:0:0:0: Attached scsi generic sg0 type 0
[    9.952335] random: systemd-udevd: uninitialized urandom read (16 bytes read)
[    9.956258] sd 2:0:0:0: [sda] 20971520 512-byte logical blocks: (10.7 GB/10.0 GiB)
[    9.961940] sd 2:0:0:0: [sda] Write Protect is off
[    9.967858] random: systemd-udevd: uninitialized urandom read (16 bytes read)
[    9.967965] sd 2:0:1:0: Attached scsi generic sg1 type 0
[    9.969840] sd 2:0:1:0: [sdb] 20480 512-byte logical blocks: (10.5 MB/10.0 MiB)
[    9.998072] sd 2:0:1:0: [sdb] Write Protect is off
[    9.998090] sd 2:0:0:0: [sda] Incomplete mode parameter data
[   10.024332] sd 2:0:0:0: [sda] Assuming drive cache: write through
[   10.024515] sd 2:0:1:0: [sdb] Incomplete mode parameter data
[   10.946161] sd 2:0:1:0: [sdb] Assuming drive cache: write through
[   11.237092]  sda: sda1
[   11.259799] sd 2:0:0:0: [sda] Attached SCSI disk
[   11.287397] sd 2:0:1:0: [sdb] Attached SCSI disk
Begin: Loading essential drivers ... [   13.276567] raid6: sse2x1   gen()  8786 MB/s
[   13.336398] raid6: sse2x1   xor()  7699 MB/s
[   13.384023] raid6: sse2x2   gen()  9898 MB/s
[   13.440614] raid6: sse2x2   xor()  8839 MB/s
[   13.516200] raid6: sse2x4   gen() 10271 MB/s
[   13.580464] raid6: sse2x4   xor()  7281 MB/s
[   13.628566] raid6: avx2x1   gen() 20232 MB/s
[   13.680490] raid6: avx2x1   xor() 15441 MB/s
[   13.748237] raid6: avx2x2   gen() 30160 MB/s
[   13.824222] raid6: avx2x2   xor() 18705 MB/s
[   13.880037] raid6: avx2x4   gen() 33074 MB/s
[   13.952046] raid6: avx2x4   xor() 18153 MB/s
[   13.953226] raid6: using algorithm avx2x4 gen() 33074 MB/s
[   13.960538] raid6: .... xor() 18153 MB/s, rmw enabled
[   13.986070] raid6: using avx2x2 recovery algorithm
[   13.994138] xor: automatically using best checksumming function   avx       
[   14.068610] async_tx: api initialized (async)
done.
Begin: Running /scripts/init-premount ... done.
Begin: Mounting root file[   14.129481] Btrfs loaded, crc32c=crc32c-intel
 system ... Begin: Running /scripts/local-top ... done.
Begin: Running /scripts/local-premount ... Scanning for Btrfs filesystems
done.
Warning: fsck not present, so sk[   14.240960] EXT4-fs (sda1): mounted filesystem with ordered data mode. Opts: (null)
ipping root file system
done.
Begin: Running /scripts/local-bottom ... done.
Begin: Running /scripts/init-bottom ... done.
[   15.422996] ip_tables: (C) 2000-2006 Netfilter Core Team
[   15.640026] systemd[1]: systemd 237 running in system mode. (+PAM +AUDIT +SELINUX +IMA +APPARMOR +SMACK +SYSVINIT +UTMP +LIBCRYPTSETUP +GCRYPT +GNUTLS +ACL +XZ +LZ4 +SECCOMP +BLKID +ELFUTILS +KMOD -IDN2 +IDN -PCRE2 default-hierarchy=hybrid)
[   17.284341] systemd[1]: Detected virtualization oracle.
[   17.303455] systemd[1]: Detected architecture x86-64.
[   17.312155] random: crng init done
[   17.319517] random: 7 urandom warning(s) missed due to ratelimiting

Welcome to [1mUbuntu 18.04.2 LTS[0m!

[   17.342717] systemd[1]: Set hostname to <ubuntu-bionic>.
[   17.785547] systemd[1]: Created slice User and Session Slice.
[[0;32m  OK  [0m] Created slice User and Session Slice.
[   17.880508] systemd[1]: Reached target Swap.
[[0;32m  OK  [0m] Reached target Swap.
[   17.937185] systemd[1]: Started Forward Password Requests to Wall Directory Watch.
[[0;32m  OK  [0m] Started Forward Password Requests to Wall Directory Watch.
[   17.956588] systemd[1]: Reached target User and Group Name Lookups.
[[0;32m  OK  [0m] Reached target User and Group Name Lookups.
[   17.969917] systemd[1]: Set up automount Arbitrary Executable File Formats File System Automount Point.
[[0;32m  OK  [0m] Set up automount Arbitrary Executab…rmats File System Automount Point.
[   18.014923] systemd[1]: Reached target System Time Synchronized.
[[0;32m  OK  [0m] Reached target System Time Synchronized.
[[0;32m  OK  [0m] Created slice System Slice.
[[0;32m  OK  [0m] Listening on LVM2 poll daemon socket.
[[0;32m  OK  [0m] Listening on udev Control Socket.
[[0;32m  OK  [0m] Listening on LVM2 metadata daemon socket.
[[0;32m  OK  [0m] Listening on Device-mapper event daemon FIFOs.
[[0;32m  OK  [0m] Listening on /dev/initctl Compatibility Named Pipe.
[[0;32m  OK  [0m] Listening on Journal Audit Socket.
[[0;32m  OK  [0m] Listening on Journal Socket.
         Starting Set the console keyboard layout...
         Mounting Huge Pages File System...
         Mounting Kernel Debug File System...
         Starting Create list of required st…ce nodes for the current kernel...
         Starting Uncomplicated firewall...
[[0;32m  OK  [0m] Listening on Network Service Netlink Socket.
         Starting Remount Root and Kernel File Systems...
[[0;32m  OK  [0m] Reached target Slices.
         Mounting POSIX Message Queue File System...
[[0;32m  OK  [0m] Listening on Syslog Socket.
[[0;32m  OK  [0m] Listening on Journal Socket (/dev/log).
         Starting Load Kernel Modules...
[[0;32m  OK  [[   18.155518] EXT4-fs (sda1): re-mounted. Opts: (null)
0m] Created slic[   18.183641] Loading iSCSI transport class v2.0-870.
e system-serial\x2dgetty.slice.
[[0;32m  OK  [0m] Listening on udev Kernel Socket.
         Starting Monitoring of LVM2 mirrors…ng dmeventd or progress polling...
         Starting Journal Service...
         Starting udev Coldplug all Devices...
[[0;32m  OK  [0m] Started Set the console keyboard layout.
[[0;32m  OK  [0m] Mounted Huge Pages File System.
[[0;32m  OK  [0m] Mounted Kernel Debug File System.
[[0;32m  OK  [0m] Started Create list of required sta…vice nodes for the current kernel.
[[0;32m  OK  [0m] Started Uncomplicated firewall.
[[0;32m  OK  [0m] Started Remount Root and Kernel File Systems.
[[0;32m  OK  [0m] Mounted POSIX Message Queue File System.
         Starting Load/Save Random Seed...
         Starting Create Static Device Nodes in /dev...
[   18.238576] iscsi: registered transport (tcp)
[[0;32m  OK  [0m] Started udev Coldplug all Devices.
[[0;32m  OK  [0m] Started Load/Save Random Seed.
[[0;32m  OK  [0m] Started LVM2 metadata daemon.
[   18.342122] iscsi: registered transport (iser)
[[0;32m  OK  [0m] Started Journal Service.
[[0;32m  OK  [0m] Started Load Kernel Modules.
         Starting Apply Kernel Variables...
         Mounting FUSE Control File System...
         Mounting Kernel Configuration File System...
         Starting Flush Journal to Persistent Storage...
[[0;32m  OK  [0m] Started Create Static Device Nodes in /dev.
[[0;32m  OK  [0m] Mounted FUSE Control File System.
[[0;32m  OK  [0m] Mounted Kernel Configuration File System.
         Starting udev Kernel Device Manager...
[[0;32m  OK  [0m] Started Monitoring of LVM2 mirrors,…sing dmeventd or progress polling.
[[0;32m  OK  [0m] Reached target Local File Systems (Pre).
[[0;32m  OK  [0m] Reached target Local File Systems.
         Starting AppArmor initialization...
         Starting Set console font and keymap...
         Starting Tell Plymouth To Write Out Runtime Data...
         Starting ebtables ruleset management...
[[0;32m  OK  [0m] Started udev Kernel Device Manager.
[[0;32m  OK  [0m] Started Apply Kernel Variables.
[[0;32m  OK  [0m] Started Set console font and keymap.
[[0;32m  OK  [0m] Started Tell Plymouth To Write Out Runtime Data.
[[0;32m  OK  [0m] Started Dispatch Password Requests to Console Directory Watch.
[[0;32m  OK  [0m] Reached target Local Encrypted Volumes.
[[0;32m  OK  [0m] Started ebtables ruleset management.
[[0;32m  OK  [0m] Found device /dev/ttyS0.
[[0;32m  OK  [0m] Started Flush Journal to Persistent Storage.
         Starting Create Volatile Files and Directories...
[[0;32m  OK  [0m] Listening on Load/Save RF Kill Switch Status /dev/rfkill Watch.
[[0;32m  OK  [0m] Started Create Volatile Files and Directories.
         Starting Update UTMP about System Boot/Shutdown...
[[0;32m  OK  [0m] Started Update UTMP about System Boot/Shutdown.
[[0;32m  OK  [0m] Started AppArmor initialization.
         Starting Initial cloud-init job (pre-networking)...
[   21.379585] cloud-init[575]: Cloud-init v. 18.5-45-g3554ffe8-0ubuntu1~18.04.1 running 'init-local' at Thu, 07 Nov 2019 02:23:54 +0000. Up 21.11 seconds.
[[0;32m  OK  [0m] Started Initial cloud-init job (pre-networking).
[[0;32m  OK  [0m] Reached target Network (Pre).
         Starting Network Service...
[[0;32m  OK  [0m] Started Network Service.
         Starting Wait for Network to be Configured...
         Starting Network Name Resolution...
[[0;32m  OK  [0m] Started Network Name Resolution.
[[0;32m  OK  [0m] Reached target Network.
[[0;32m  OK  [0m] Reached target Host and Network Name Lookups.
[[0;32m  OK  [0m] Started Wait for Network to be Configured.
         Starting Initial cloud-init job (metadata service crawler)...
[   23.405466] cloud-init[703]: Cloud-init v. 18.5-45-g3554ffe8-0ubuntu1~18.04.1 running 'init' at Thu, 07 Nov 2019 02:23:56 +0000. Up 23.28 seconds.
[   23.407716] cloud-init[703]: ci-info: ++++++++++++++++++++++++++++++++++++++Net device info+++++++++++++++++++++++++++++++++++++++
[   23.417430] cloud-init[703]: ci-info: +--------+------+-----------------------------+---------------+--------+-------------------+
[   23.447771] cloud-init[703]: ci-info: | Device |  Up  |           Address           |      Mask     | Scope  |     Hw-Address    |
[   23.450039] cloud-init[703]: ci-info: +--------+------+-----------------------------+---------------+--------+-------------------+
[   23.476303] cloud-init[703]: ci-info: | enp0s3 | True |          10.0.2.15          | 255.255.255.0 | global | 02:5c:19:d6:ac:b9 |
[   23.494089] cloud-init[703]: ci-info: | enp0s3 | True |  fe80::5c:19ff:fed6:acb9/64 |       .       |  link  | 02:5c:19:d6:ac:b9 |
[   23.524638] cloud-init[703]: ci-info: | enp0s8 | True |        192.168.33.10        | 255.255.255.0 | global | 08:00:27:09:37:a9 |
[   23.529660] cloud-init[703]: ci-info: | enp0s8 | True | fe80::a00:27ff:fe09:37a9/64 |       .       |  link  | 08:00:27:09:37:a9 |
[   23.596226] cloud-init[703]: ci-info: |   lo   | True |          127.0.0.1          |   255.0.0.0   |  host  |         .         |
[   23.657279] cloud-init[703]: ci-info: |   lo   | True |           ::1/128           |       .       |  host  |         .         |
[   23.685207] cloud-init[703]: ci-info: +--------+------+-----------------------------+---------------+--------+-------------------+
[   23.710324] cloud-init[703]: ci-info: +++++++++++++++++++++++++++++Route IPv4 info+++++++++++++++++++++++++++++
[   23.713307] cloud-init[703]: ci-info: +-------+--------------+----------+-----------------+-----------+-------+
[   23.715651] cloud-init[703]: ci-info: | Route | Destination  | Gateway  |     Genmask     | Interface | Flags |
[   23.718065] cloud-init[703]: ci-info: +-------+--------------+----------+-----------------+-----------+-------+
[   23.720386] cloud-init[703]: ci-info: |   0   |   0.0.0.0    | 10.0.2.2 |     0.0.0.0     |   enp0s3  |   UG  |
[   23.722683] cloud-init[703]: ci-info: |   1   |   10.0.2.0   | 0.0.0.0  |  255.255.255.0  |   enp0s3  |   U   |
[   23.724990] cloud-init[703]: ci-info: |   2   |   10.0.2.2   | 0.0.0.0  | 255.255.255.255 |   enp0s3  |   UH  |
[   23.727159] cloud-init[703]: ci-info: |   3   | 192.168.33.0 | 0.0.0.0  |  255.255.255.0  |   enp0s8  |   U   |
[   23.729366] cloud-init[703]: ci-info: +-------+--------------+----------+-----------------+-----------+-------+
[   23.731577] cloud-init[703]: ci-info: +++++++++++++++++++Route IPv6 info+++++++++++++++++++
[   23.743486] cloud-init[703]: ci-info: +-------+-------------+---------+-----------+-------+
[   23.745461] cloud-init[703]: ci-info: | Route | Destination | Gateway | Interface | Flags |
[   23.747403] cloud-init[703]: ci-info: +-------+-------------+---------+-----------+-------+
[[0;32m  OK  [0m] Started Initial cloud-init job (metadata service crawler).
[[0;32m  OK  [0m] Reached target Network is Online.
[   23.771377] cloud-init[703]: ci-info: |   1   |  fe80::/64  |    ::   |   enp0s8  |   U   |
[   23.921298] cloud-init[703]: ci-info: |   2   |  fe80::/64  |    ::   |   enp0s3  |   U   |
[   23.982410] cloud-init[703]: ci-info: |   4   |    local    |    ::   |   enp0s3  |   U   |
[   24.063908] [[0;32m  OK  [0m] Reached target Remote File Systems (Pre).
[[0;32m  OK  [0m] Reached target Remote File Systems.
         Starting Availability of block devices...
[[0;32m  OK  [0m] Reached target System Initialization.
[[0;32m  OK  [0m] Listening on D-Bus System Message Bus Socket.
[[0;32m  OK  [0m] Listening on Open-iSCSI iscsid Socket.
[[0;32m  OK  [0m] Started Discard unused blocks once a week.
cloud-init[703]: ci-info: |   5   |    local    |    ::   |   enp0s8  |   U   |
[   24.284469] cloud-init[703]: ci-info: |   6   |   ff00::/8  |    ::   |   enp0s8  |   U   |
[   24.284680] cloud-init[703]: ci-info: |   7   |   ff00::/8  |    ::   |   enp0s3  |   U   |
[   24.285470] cloud-init[703]: ci-info: +-------+-------------+---------+-----------+-------+
         Starting Socket activation for snappy daemon.
[[0;32m  OK  [0m] Started ACPI Events Check.
[[0;32m  OK  [0m] Listening on UUID daemon activation socket.
[[0;32m  OK  [0m] Reached target Paths.
[[0;32m  OK  [0m] Listening on ACPID Listen Socket.
[[0;32m  OK  [0m] Started Daily apt download activities.
[[0;32m  OK  [0m] Started Daily apt upgrade and clean activities.
[[0;32m  OK  [0m] Started Message of the Day.
[[0;32m  OK  [0m] Started Daily Cleanup of Temporary Directories.
[[0;32m  OK  [0m] Reached target Timers.
         Starting LXD - unix socket.
[[0;32m  OK  [0m] Reached target Cloud-config availability.
[[0;32m  OK  [0m] Started Availability of block devices.
[[0;32m  OK  [0m] Listening on Socket activation for snappy daemon.
[[0;32m  OK  [0m] Listening on LXD - unix socket.
[[0;32m  OK  [0m] Reached target Sockets.
[[0;32m  OK  [0m] Reached target Basic System.
[[0;32m  OK  [0m] Started D-Bus System Message Bus.
         Starting Dispatcher daemon for systemd-networkd...
         Starting System Logging Service...
         Starting Permit User Sessions...
         Starting LSB: Record successful boot for GRUB...
[[0;32m  OK  [0m] Started irqbalance daemon.
         Starting Accounts Service...
         Starting LSB: automatic crash report generation...
         Starting LXD - container startup/shutdown...
[[0;32m  OK  [0m] Started Deferred execution scheduler.
[[0;32m  OK  [0m] Started FUSE filesystem for LXC.
         Starting vboxadd.service...
         Starting OpenBSD Secure Shell server...
[[0;32m  OK  [0m] Started Regular background program processing daemon.
         Starting Login Service...
         Starting Snappy daemon...
[[0;32m  OK  [0m] Started System Logging Service.
[[0;32m  OK  [0m] Started Dispatcher daemon for systemd-networkd.
[[0;32m  OK  [0m] Started Permit User Sessions.
[[0;32m  OK  [0m] Started Login Service.
[[0;32m  OK  [0m] Started Unattended Upgrades Shutdown.
         Starting Authorization Manager...
         Starting Hold until boot process finishes up...
         Starting Terminate Plymouth Boot Screen...
[[0;32m  OK  [0m] Started Hold until boot process finishes up.
[[0;32m  OK  [0m] Started Terminate Plymouth Boot Screen.
[[0;32m  OK  [0m] Started Serial Getty on ttyS0.
         Starting Set console scheme...
[[0;32m  OK  [0m] Started LSB: automatic crash report generation.
[[0;32m  OK  [0m] Started Set console scheme.
[[0;32m  OK  [0m] Created slice system-getty.slice.
[[0;32m  OK  [0m] Started Getty on tty1.
[[0;32m  OK  [0m] Reached target Login Prompts.
[[0;32m  OK  [0m] Started LSB: Record successful boot for GRUB.
[[0;32m  OK  [0m] Started OpenBSD Secure Shell server.
[[0;32m  OK  [0m] Started Authorization Manager.
[[0;32m  OK  [0m] Started Accounts Service.
[[0;32m  OK  [0m] Created slice User Slice of vagrant.
[[0;32m  OK  [0m] Started vboxadd.service.
[[0;32m  OK  [0m] Started Session 1 of user vagrant.
         Starting vboxadd-service.service...
         Starting User Manager for UID 1000...
[[0;32m  OK  [0m] Started vboxadd-service.service.
[[0;32m  OK  [0m] Started Snappy daemon.
         Starting Wait until snapd is fully seeded...
[[0;32m  OK  [0m] Started LXD - container startup/shutdown.
[[0;32m  OK  [0m] Started Wait until snapd is fully seeded.
         Starting Apply the settings specified in cloud-config...
[[0;32m  OK  [0m] Reached target Multi-User System.
[[0;32m  OK  [0m] Reached target Graphical Interface.
         Starting Update UTMP about System Runlevel Changes...
[[0;32m  OK  [0m] Started User Manager for UID 1000.
[[0;32m  OK  [0m] Started Update UTMP about System Runlevel Changes.
[   29.091692] cloud-init[1327]: Cloud-init v. 18.5-45-g3554ffe8-0ubuntu1~18.04.1 running 'modules:config' at Thu, 07 Nov 2019 02:24:02 +0000. Up 28.92 seconds.
[[0;32m  OK  [0m] Started Apply the settings specified in cloud-config.
         Starting Execute cloud user/final scripts...
[   29.703634] cloud-init[1397]: Cloud-init v. 18.5-45-g3554ffe8-0ubuntu1~18.04.1 running 'modules:final' at Thu, 07 Nov 2019 02:24:03 +0000. Up 29.61 seconds.
[   29.713020] cloud-init[1397]: Cloud-init v. 18.5-45-g3554ffe8-0ubuntu1~18.04.1 finished at Thu, 07 Nov 2019 02:24:03 +0000. Datasource DataSourceNoCloud [seed=/dev/sdb][dsmode=net].  Up 29.69 seconds
[[0;32m  OK  [0m] Started Execute cloud user/final scripts.
[[0;32m  OK  [0m] Reached target Cloud-init target.
         Starting Daily apt download activities...

Ubuntu 18.04.2 LTS ubuntu-bionic ttyS0

ubuntu-bionic login:          Stopping LSB: automatic crash report generation...
[[0;32m  OK  [0m] Stopped LSB: automatic crash report generation.
         Starting LSB: automatic crash report generation...
[[0;32m  OK  [0m] Started LSB: automatic crash report generation.
[[0;32m  OK  [0m] Started Daily apt upgrade and clean activities.
